c:\users\ytr16\source\repos\generating_images\generating_images\debug\generating_images.pch
c:\users\ytr16\source\repos\generating_images\generating_images\debug\vc141.pdb
c:\users\ytr16\source\repos\generating_images\generating_images\debug\vc141.idb
c:\users\ytr16\source\repos\generating_images\generating_images\debug\stdafx.obj
c:\users\ytr16\source\repos\generating_images\generating_images\debug\generating_images.obj
c:\users\ytr16\source\repos\generating_images\debug\generating_images.pdb
c:\users\ytr16\source\repos\generating_images\generating_images\debug\generati.2a6ee1f5.tlog\cl.command.1.tlog
c:\users\ytr16\source\repos\generating_images\generating_images\debug\generati.2a6ee1f5.tlog\cl.read.1.tlog
c:\users\ytr16\source\repos\generating_images\generating_images\debug\generati.2a6ee1f5.tlog\cl.write.1.tlog
c:\users\ytr16\source\repos\generating_images\generating_images\debug\generati.2a6ee1f5.tlog\link-cvtres.read.1.tlog
c:\users\ytr16\source\repos\generating_images\generating_images\debug\generati.2a6ee1f5.tlog\link-cvtres.write.1.tlog
c:\users\ytr16\source\repos\generating_images\generating_images\debug\generati.2a6ee1f5.tlog\link-rc.read.1.tlog
c:\users\ytr16\source\repos\generating_images\generating_images\debug\generati.2a6ee1f5.tlog\link-rc.write.1.tlog
c:\users\ytr16\source\repos\generating_images\generating_images\debug\generati.2a6ee1f5.tlog\link.15076-cvtres.read.1.tlog
c:\users\ytr16\source\repos\generating_images\generating_images\debug\generati.2a6ee1f5.tlog\link.15076-cvtres.write.1.tlog
c:\users\ytr16\source\repos\generating_images\generating_images\debug\generati.2a6ee1f5.tlog\link.15076-rc.read.1.tlog
c:\users\ytr16\source\repos\generating_images\generating_images\debug\generati.2a6ee1f5.tlog\link.15076-rc.write.1.tlog
c:\users\ytr16\source\repos\generating_images\generating_images\debug\generati.2a6ee1f5.tlog\link.15076.read.1.tlog
c:\users\ytr16\source\repos\generating_images\generating_images\debug\generati.2a6ee1f5.tlog\link.15076.write.1.tlog
c:\users\ytr16\source\repos\generating_images\generating_images\debug\generati.2a6ee1f5.tlog\link.command.1.tlog
c:\users\ytr16\source\repos\generating_images\generating_images\debug\generati.2a6ee1f5.tlog\link.read.1.tlog
c:\users\ytr16\source\repos\generating_images\generating_images\debug\generati.2a6ee1f5.tlog\link.write.1.tlog
